<?xml version="1.0" encoding="UTF-8"?>
<testsuite name="edu.eci.arsw.blueprints.test.services.ApplicationServicesTests" time="0.002" tests="1" errors="1" skipped="0" failures="0">
  <properties>
[...]
</properties>
  <testcase name="initializationError" classname="edu.eci.arsw.blueprints.test.services.ApplicationServicesTests" time="0.002">
    <error message="Unable to find a @SpringBootConfiguration, you need to use @ContextConfiguration or @SpringBootTest(classes=...) with your test" type="java.lang.IllegalStateException"><![CDATA[java.lang.IllegalStateException: Unable to find a @SpringBootConfiguration, you need to use @ContextConfiguration or @SpringBootTest(classes=...) with your test
	at org.springframework.util.Assert.state(Assert.java:392)
	at org.springframework.boot.test.context.SpringBootTestContextBootstrapper.getOrFindConfigurationClasses(SpringBootTestContextBootstrapper.java:173)
	at org.springframework.boot.test.context.SpringBootTestContextBootstrapper.processMergedContextConfiguration(SpringBootTestContextBootstrapper.java:133)
	at org.springframework.test.context.support.AbstractTestContextBootstrapper.buildMergedContextConfiguration(AbstractTestContextBootstrapper.java:409)
	at org.springframework.test.context.support.AbstractTestContextBootstrapper.buildDefaultMergedContextConfiguration(AbstractTestContextBootstrapper.java:323)
	at org.springframework.test.context.support.AbstractTestContextBootstrapper.buildMergedContextConfiguration(AbstractTestContextBootstrapper.java:277)
	at org.springframework.test.context.support.AbstractTestContextBootstrapper.buildTestContext(AbstractTestContextBootstrapper.java:112)
	at org.springframework.boot.test.context.SpringBootTestContextBootstrapper.buildTestContext(SpringBootTestContextBootstrapper.java:78)
	at org.springframework.test.context.TestContextManager.<init>(TestContextManager.java:120)
	at org.springframework.test.context.TestContextManager.<init>(TestContextManager.java:105)
	at org.springframework.test.context.junit4.SpringJUnit4ClassRunner.createTestContextManager(SpringJUnit4ClassRunner.java:152)
	at org.springframework.test.context.junit4.SpringJUnit4ClassRunner.<init>(SpringJUnit4ClassRunner.java:143)
	at org.springframework.test.context.junit4.SpringRunner.<init>(SpringRunner.java:49)
	at java.base/jdk.internal.reflect.NativeConstructorAccessorImpl.newInstance0(Native Method)
	at java.base/jdk.internal.reflect.NativeConstructorAccessorImpl.newInstance(NativeConstructorAccessorImpl.java:64)
	at java.base/jdk.internal.reflect.DelegatingConstructorAccessorImpl.newInstance(DelegatingConstructorAccessorImpl.java:45)
	at java.base/java.lang.reflect.Constructor.newInstanceWithCaller(Constructor.java:500)
	at java.base/java.lang.reflect.Constructor.newInstance(Constructor.java:481)
	at org.junit.internal.builders.AnnotatedBuilder.buildRunner(AnnotatedBuilder.java:104)
	at org.junit.internal.builders.AnnotatedBuilder.runnerForClass(AnnotatedBuilder.java:86)
	at org.junit.runners.model.RunnerBuilder.safeRunnerForClass(RunnerBuilder.java:59)
	at org.junit.internal.builders.AllDefaultPossibilitiesBuilder.runnerForClass(AllDefaultPossibilitiesBuilder.java:26)
	at org.junit.runners.model.RunnerBuilder.safeRunnerForClass(RunnerBuilder.java:59)
	at org.junit.internal.requests.ClassRequest.getRunner(ClassRequest.java:33)
	at org.apache.maven.surefire.junit4.JUnit4Provider.execute(JUnit4Provider.java:283)
	at org.apache.maven.surefire.junit4.JUnit4Provider.executeWithRerun(JUnit4Provider.java:173)
	at org.apache.maven.surefire.junit4.JUnit4Provider.executeTestSet(JUnit4Provider.java:153)
	at org.apache.maven.surefire.junit4.JUnit4Provider.invoke(JUnit4Provider.java:128)
	at org.apache.maven.surefire.booter.ForkedBooter.invokeProviderInSameClassLoader(ForkedBooter.java:203)
	at org.apache.maven.surefire.booter.ForkedBooter.runSuitesInProcess(ForkedBooter.java:155)
	at org.apache.maven.surefire.booter.ForkedBooter.main(ForkedBooter.java:103)
]]></error>
    <system-out><![CDATA[14:41:31.041 [main] DEBUG org.springframework.test.context.junit4.SpringJUnit4ClassRunner - SpringJUnit4ClassRunner constructor called with [class edu.eci.arsw.blueprints.test.services.ApplicationServicesTests]
14:41:31.049 [main] DEBUG org.springframework.test.context.BootstrapUtils - Instantiating CacheAwareContextLoaderDelegate from class [org.springframework.test.context.cache.DefaultCacheAwareContextLoaderDelegate]
14:41:31.062 [main] DEBUG org.springframework.test.context.BootstrapUtils - Instantiating BootstrapContext using constructor [public org.springframework.test.context.support.DefaultBootstrapContext(java.lang.Class,org.springframework.test.context.CacheAwareContextLoaderDelegate)]
14:41:31.081 [main] DEBUG org.springframework.test.context.BootstrapUtils - Instantiating TestContextBootstrapper for test class [edu.eci.arsw.blueprints.test.services.ApplicationServicesTests] from class [org.springframework.boot.test.context.SpringBootTestContextBootstrapper]
14:41:31.095 [main] INFO org.springframework.boot.test.context.SpringBootTestContextBootstrapper - Neither @ContextConfiguration nor @ContextHierarchy found for test class [edu.eci.arsw.blueprints.test.services.ApplicationServicesTests], using SpringBootContextLoader
14:41:31.099 [main] DEBUG org.springframework.test.context.support.AbstractContextLoader - Did not detect default resource location for test class [edu.eci.arsw.blueprints.test.services.ApplicationServicesTests]: class path resource [edu/eci/arsw/blueprints/test/services/ApplicationServicesTests-context.xml] does not exist
14:41:31.099 [main] DEBUG org.springframework.test.context.support.AbstractContextLoader - Did not detect default resource location for test class [edu.eci.arsw.blueprints.test.services.ApplicationServicesTests]: class path resource [edu/eci/arsw/blueprints/test/services/ApplicationServicesTestsContext.groovy] does not exist
14:41:31.100 [main] INFO org.springframework.test.context.support.AbstractContextLoader - Could not detect default resource locations for test class [edu.eci.arsw.blueprints.test.services.ApplicationServicesTests]: no resource found for suffixes {-context.xml, Context.groovy}.
14:41:31.101 [main] INFO org.springframework.test.context.support.AnnotationConfigContextLoaderUtils - Could not detect default configuration classes for test class [edu.eci.arsw.blueprints.test.services.ApplicationServicesTests]: ApplicationServicesTests does not declare any static, non-private, non-final, nested classes annotated with @Configuration.
14:41:31.140 [main] DEBUG org.springframework.test.context.support.ActiveProfilesUtils - Could not find an 'annotation declaring class' for annotation type [org.springframework.test.context.ActiveProfiles] and class [edu.eci.arsw.blueprints.test.services.ApplicationServicesTests]
14:41:31.177 [main] DEBUG org.springframework.core.env.StandardEnvironment - Adding [systemProperties] PropertySource with lowest search precedence
14:41:31.178 [main] DEBUG org.springframework.core.env.StandardEnvironment - Adding [systemEnvironment] PropertySource with lowest search precedence
14:41:31.178 [main] DEBUG org.springframework.core.env.StandardEnvironment - Initialized StandardEnvironment with PropertySources [systemProperties,systemEnvironment]
14:41:31.188 [main] DEBUG org.springframework.core.io.support.PathMatchingResourcePatternResolver - Resolved classpath location [edu/eci/arsw/blueprints/test/services/] to resources [URL [file:/C:/Users/Lenovo/Documents/2023/2023-2/ARSW/ARSW_lab_5/SpringBoot_REST_API_Blueprints_Part2/target/test-classes/edu/eci/arsw/blueprints/test/services/]]
14:41:31.189 [main] DEBUG org.springframework.core.io.support.PathMatchingResourcePatternResolver - Looking for matching resources in directory tree [C:\Users\Lenovo\Documents\2023\2023-2\ARSW\ARSW_lab_5\SpringBoot_REST_API_Blueprints_Part2\target\test-classes\edu\eci\arsw\blueprints\test\services]
14:41:31.191 [main] DEBUG org.springframework.core.io.support.PathMatchingResourcePatternResolver - Searching directory [C:\Users\Lenovo\Documents\2023\2023-2\ARSW\ARSW_lab_5\SpringBoot_REST_API_Blueprints_Part2\target\test-classes\edu\eci\arsw\blueprints\test\services] for files matching pattern [C:/Users/Lenovo/Documents/2023/2023-2/ARSW/ARSW_lab_5/SpringBoot_REST_API_Blueprints_Part2/target/test-classes/edu/eci/arsw/blueprints/test/services/*.class]
14:41:31.195 [main] DEBUG org.springframework.core.io.support.PathMatchingResourcePatternResolver - Resolved location pattern [classpath*:edu/eci/arsw/blueprints/test/services/*.class] to resources [file [C:\Users\Lenovo\Documents\2023\2023-2\ARSW\ARSW_lab_5\SpringBoot_REST_API_Blueprints_Part2\target\test-classes\edu\eci\arsw\blueprints\test\services\ApplicationServicesTests.class]]
14:41:31.212 [main] DEBUG org.springframework.core.io.support.PathMatchingResourcePatternResolver - Resolved classpath location [edu/eci/arsw/blueprints/test/] to resources [URL [file:/C:/Users/Lenovo/Documents/2023/2023-2/ARSW/ARSW_lab_5/SpringBoot_REST_API_Blueprints_Part2/target/test-classes/edu/eci/arsw/blueprints/test/]]
14:41:31.212 [main] DEBUG org.springframework.core.io.support.PathMatchingResourcePatternResolver - Looking for matching resources in directory tree [C:\Users\Lenovo\Documents\2023\2023-2\ARSW\ARSW_lab_5\SpringBoot_REST_API_Blueprints_Part2\target\test-classes\edu\eci\arsw\blueprints\test]
14:41:31.212 [main] DEBUG org.springframework.core.io.support.PathMatchingResourcePatternResolver - Searching directory [C:\Users\Lenovo\Documents\2023\2023-2\ARSW\ARSW_lab_5\SpringBoot_REST_API_Blueprints_Part2\target\test-classes\edu\eci\arsw\blueprints\test] for files matching pattern [C:/Users/Lenovo/Documents/2023/2023-2/ARSW/ARSW_lab_5/SpringBoot_REST_API_Blueprints_Part2/target/test-classes/edu/eci/arsw/blueprints/test/*.class]
14:41:31.213 [main] DEBUG org.springframework.core.io.support.PathMatchingResourcePatternResolver - Resolved location pattern [classpath*:edu/eci/arsw/blueprints/test/*.class] to resources []
14:41:31.214 [main] DEBUG org.springframework.core.io.support.PathMatchingResourcePatternResolver - Resolved classpath location [edu/eci/arsw/blueprints/] to resources [URL [file:/C:/Users/Lenovo/Documents/2023/2023-2/ARSW/ARSW_lab_5/SpringBoot_REST_API_Blueprints_Part2/target/test-classes/edu/eci/arsw/blueprints/], URL [file:/C:/Users/Lenovo/Documents/2023/2023-2/ARSW/ARSW_lab_5/SpringBoot_REST_API_Blueprints_Part2/target/classes/edu/eci/arsw/blueprints/]]
14:41:31.214 [main] DEBUG org.springframework.core.io.support.PathMatchingResourcePatternResolver - Looking for matching resources in directory tree [C:\Users\Lenovo\Documents\2023\2023-2\ARSW\ARSW_lab_5\SpringBoot_REST_API_Blueprints_Part2\target\test-classes\edu\eci\arsw\blueprints]
14:41:31.215 [main] DEBUG org.springframework.core.io.support.PathMatchingResourcePatternResolver - Searching directory [C:\Users\Lenovo\Documents\2023\2023-2\ARSW\ARSW_lab_5\SpringBoot_REST_API_Blueprints_Part2\target\test-classes\edu\eci\arsw\blueprints] for files matching pattern [C:/Users/Lenovo/Documents/2023/2023-2/ARSW/ARSW_lab_5/SpringBoot_REST_API_Blueprints_Part2/target/test-classes/edu/eci/arsw/blueprints/*.class]
14:41:31.215 [main] DEBUG org.springframework.core.io.support.PathMatchingResourcePatternResolver - Looking for matching resources in directory tree [C:\Users\Lenovo\Documents\2023\2023-2\ARSW\ARSW_lab_5\SpringBoot_REST_API_Blueprints_Part2\target\classes\edu\eci\arsw\blueprints]
14:41:31.215 [main] DEBUG org.springframework.core.io.support.PathMatchingResourcePatternResolver - Searching directory [C:\Users\Lenovo\Documents\2023\2023-2\ARSW\ARSW_lab_5\SpringBoot_REST_API_Blueprints_Part2\target\classes\edu\eci\arsw\blueprints] for files matching pattern [C:/Users/Lenovo/Documents/2023/2023-2/ARSW/ARSW_lab_5/SpringBoot_REST_API_Blueprints_Part2/target/classes/edu/eci/arsw/blueprints/*.class]
14:41:31.218 [main] DEBUG org.springframework.core.io.support.PathMatchingResourcePatternResolver - Resolved location pattern [classpath*:edu/eci/arsw/blueprints/*.class] to resources []
14:41:31.220 [main] DEBUG org.springframework.core.io.support.PathMatchingResourcePatternResolver - Resolved classpath location [edu/eci/arsw/] to resources [URL [file:/C:/Users/Lenovo/Documents/2023/2023-2/ARSW/ARSW_lab_5/SpringBoot_REST_API_Blueprints_Part2/target/test-classes/edu/eci/arsw/], URL [file:/C:/Users/Lenovo/Documents/2023/2023-2/ARSW/ARSW_lab_5/SpringBoot_REST_API_Blueprints_Part2/target/classes/edu/eci/arsw/]]
14:41:31.220 [main] DEBUG org.springframework.core.io.support.PathMatchingResourcePatternResolver - Looking for matching resources in directory tree [C:\Users\Lenovo\Documents\2023\2023-2\ARSW\ARSW_lab_5\SpringBoot_REST_API_Blueprints_Part2\target\test-classes\edu\eci\arsw]
14:41:31.221 [main] DEBUG org.springframework.core.io.support.PathMatchingResourcePatternResolver - Searching directory [C:\Users\Lenovo\Documents\2023\2023-2\ARSW\ARSW_lab_5\SpringBoot_REST_API_Blueprints_Part2\target\test-classes\edu\eci\arsw] for files matching pattern [C:/Users/Lenovo/Documents/2023/2023-2/ARSW/ARSW_lab_5/SpringBoot_REST_API_Blueprints_Part2/target/test-classes/edu/eci/arsw/*.class]
14:41:31.223 [main] DEBUG org.springframework.core.io.support.PathMatchingResourcePatternResolver - Looking for matching resources in directory tree [C:\Users\Lenovo\Documents\2023\2023-2\ARSW\ARSW_lab_5\SpringBoot_REST_API_Blueprints_Part2\target\classes\edu\eci\arsw]
14:41:31.223 [main] DEBUG org.springframework.core.io.support.PathMatchingResourcePatternResolver - Searching directory [C:\Users\Lenovo\Documents\2023\2023-2\ARSW\ARSW_lab_5\SpringBoot_REST_API_Blueprints_Part2\target\classes\edu\eci\arsw] for files matching pattern [C:/Users/Lenovo/Documents/2023/2023-2/ARSW/ARSW_lab_5/SpringBoot_REST_API_Blueprints_Part2/target/classes/edu/eci/arsw/*.class]
14:41:31.224 [main] DEBUG org.springframework.core.io.support.PathMatchingResourcePatternResolver - Resolved location pattern [classpath*:edu/eci/arsw/*.class] to resources []
14:41:31.225 [main] DEBUG org.springframework.core.io.support.PathMatchingResourcePatternResolver - Resolved classpath location [edu/eci/] to resources [URL [file:/C:/Users/Lenovo/Documents/2023/2023-2/ARSW/ARSW_lab_5/SpringBoot_REST_API_Blueprints_Part2/target/test-classes/edu/eci/], URL [file:/C:/Users/Lenovo/Documents/2023/2023-2/ARSW/ARSW_lab_5/SpringBoot_REST_API_Blueprints_Part2/target/classes/edu/eci/]]
14:41:31.225 [main] DEBUG org.springframework.core.io.support.PathMatchingResourcePatternResolver - Looking for matching resources in directory tree [C:\Users\Lenovo\Documents\2023\2023-2\ARSW\ARSW_lab_5\SpringBoot_REST_API_Blueprints_Part2\target\test-classes\edu\eci]
14:41:31.226 [main] DEBUG org.springframework.core.io.support.PathMatchingResourcePatternResolver - Searching directory [C:\Users\Lenovo\Documents\2023\2023-2\ARSW\ARSW_lab_5\SpringBoot_REST_API_Blueprints_Part2\target\test-classes\edu\eci] for files matching pattern [C:/Users/Lenovo/Documents/2023/2023-2/ARSW/ARSW_lab_5/SpringBoot_REST_API_Blueprints_Part2/target/test-classes/edu/eci/*.class]
14:41:31.227 [main] DEBUG org.springframework.core.io.support.PathMatchingResourcePatternResolver - Looking for matching resources in directory tree [C:\Users\Lenovo\Documents\2023\2023-2\ARSW\ARSW_lab_5\SpringBoot_REST_API_Blueprints_Part2\target\classes\edu\eci]
14:41:31.227 [main] DEBUG org.springframework.core.io.support.PathMatchingResourcePatternResolver - Searching directory [C:\Users\Lenovo\Documents\2023\2023-2\ARSW\ARSW_lab_5\SpringBoot_REST_API_Blueprints_Part2\target\classes\edu\eci] for files matching pattern [C:/Users/Lenovo/Documents/2023/2023-2/ARSW/ARSW_lab_5/SpringBoot_REST_API_Blueprints_Part2/target/classes/edu/eci/*.class]
14:41:31.228 [main] DEBUG org.springframework.core.io.support.PathMatchingResourcePatternResolver - Resolved location pattern [classpath*:edu/eci/*.class] to resources []
14:41:31.229 [main] DEBUG org.springframework.core.io.support.PathMatchingResourcePatternResolver - Resolved classpath location [edu/] to resources [URL [file:/C:/Users/Lenovo/Documents/2023/2023-2/ARSW/ARSW_lab_5/SpringBoot_REST_API_Blueprints_Part2/target/test-classes/edu/], URL [file:/C:/Users/Lenovo/Documents/2023/2023-2/ARSW/ARSW_lab_5/SpringBoot_REST_API_Blueprints_Part2/target/classes/edu/]]
14:41:31.229 [main] DEBUG org.springframework.core.io.support.PathMatchingResourcePatternResolver - Looking for matching resources in directory tree [C:\Users\Lenovo\Documents\2023\2023-2\ARSW\ARSW_lab_5\SpringBoot_REST_API_Blueprints_Part2\target\test-classes\edu]
14:41:31.229 [main] DEBUG org.springframework.core.io.support.PathMatchingResourcePatternResolver - Searching directory [C:\Users\Lenovo\Documents\2023\2023-2\ARSW\ARSW_lab_5\SpringBoot_REST_API_Blueprints_Part2\target\test-classes\edu] for files matching pattern [C:/Users/Lenovo/Documents/2023/2023-2/ARSW/ARSW_lab_5/SpringBoot_REST_API_Blueprints_Part2/target/test-classes/edu/*.class]
14:41:31.230 [main] DEBUG org.springframework.core.io.support.PathMatchingResourcePatternResolver - Looking for matching resources in directory tree [C:\Users\Lenovo\Documents\2023\2023-2\ARSW\ARSW_lab_5\SpringBoot_REST_API_Blueprints_Part2\target\classes\edu]
14:41:31.230 [main] DEBUG org.springframework.core.io.support.PathMatchingResourcePatternResolver - Searching directory [C:\Users\Lenovo\Documents\2023\2023-2\ARSW\ARSW_lab_5\SpringBoot_REST_API_Blueprints_Part2\target\classes\edu] for files matching pattern [C:/Users/Lenovo/Documents/2023/2023-2/ARSW/ARSW_lab_5/SpringBoot_REST_API_Blueprints_Part2/target/classes/edu/*.class]
14:41:31.231 [main] DEBUG org.springframework.core.io.support.PathMatchingResourcePatternResolver - Resolved location pattern [classpath*:edu/*.class] to resources []
14:41:31.241 [main] DEBUG org.springframework.test.context.junit4.SpringJUnit4ClassRunner - SpringJUnit4ClassRunner constructor called with [class edu.eci.arsw.blueprints.test.services.ApplicationServicesTests]
14:41:31.241 [main] DEBUG org.springframework.test.context.BootstrapUtils - Instantiating CacheAwareContextLoaderDelegate from class [org.springframework.test.context.cache.DefaultCacheAwareContextLoaderDelegate]
14:41:31.242 [main] DEBUG org.springframework.test.context.BootstrapUtils - Instantiating BootstrapContext using constructor [public org.springframework.test.context.support.DefaultBootstrapContext(java.lang.Class,org.springframework.test.context.CacheAwareContextLoaderDelegate)]
14:41:31.242 [main] DEBUG org.springframework.test.context.BootstrapUtils - Instantiating TestContextBootstrapper for test class [edu.eci.arsw.blueprints.test.services.ApplicationServicesTests] from class [org.springframework.boot.test.context.SpringBootTestContextBootstrapper]
14:41:31.243 [main] INFO org.springframework.boot.test.context.SpringBootTestContextBootstrapper - Neither @ContextConfiguration nor @ContextHierarchy found for test class [edu.eci.arsw.blueprints.test.services.ApplicationServicesTests], using SpringBootContextLoader
14:41:31.244 [main] DEBUG org.springframework.test.context.support.AbstractContextLoader - Did not detect default resource location for test class [edu.eci.arsw.blueprints.test.services.ApplicationServicesTests]: class path resource [edu/eci/arsw/blueprints/test/services/ApplicationServicesTests-context.xml] does not exist
14:41:31.245 [main] DEBUG org.springframework.test.context.support.AbstractContextLoader - Did not detect default resource location for test class [edu.eci.arsw.blueprints.test.services.ApplicationServicesTests]: class path resource [edu/eci/arsw/blueprints/test/services/ApplicationServicesTestsContext.groovy] does not exist
14:41:31.246 [main] INFO org.springframework.test.context.support.AbstractContextLoader - Could not detect default resource locations for test class [edu.eci.arsw.blueprints.test.services.ApplicationServicesTests]: no resource found for suffixes {-context.xml, Context.groovy}.
14:41:31.246 [main] INFO org.springframework.test.context.support.AnnotationConfigContextLoaderUtils - Could not detect default configuration classes for test class [edu.eci.arsw.blueprints.test.services.ApplicationServicesTests]: ApplicationServicesTests does not declare any static, non-private, non-final, nested classes annotated with @Configuration.
14:41:31.253 [main] DEBUG org.springframework.test.context.support.ActiveProfilesUtils - Could not find an 'annotation declaring class' for annotation type [org.springframework.test.context.ActiveProfiles] and class [edu.eci.arsw.blueprints.test.services.ApplicationServicesTests]
14:41:31.256 [main] DEBUG org.springframework.core.env.StandardEnvironment - Adding [systemProperties] PropertySource with lowest search precedence
14:41:31.257 [main] DEBUG org.springframework.core.env.StandardEnvironment - Adding [systemEnvironment] PropertySource with lowest search precedence
14:41:31.257 [main] DEBUG org.springframework.core.env.StandardEnvironment - Initialized StandardEnvironment with PropertySources [systemProperties,systemEnvironment]
14:41:31.258 [main] DEBUG org.springframework.core.io.support.PathMatchingResourcePatternResolver - Resolved classpath location [edu/eci/arsw/blueprints/test/services/] to resources [URL [file:/C:/Users/Lenovo/Documents/2023/2023-2/ARSW/ARSW_lab_5/SpringBoot_REST_API_Blueprints_Part2/target/test-classes/edu/eci/arsw/blueprints/test/services/]]
14:41:31.258 [main] DEBUG org.springframework.core.io.support.PathMatchingResourcePatternResolver - Looking for matching resources in directory tree [C:\Users\Lenovo\Documents\2023\2023-2\ARSW\ARSW_lab_5\SpringBoot_REST_API_Blueprints_Part2\target\test-classes\edu\eci\arsw\blueprints\test\services]
14:41:31.259 [main] DEBUG org.springframework.core.io.support.PathMatchingResourcePatternResolver - Searching directory [C:\Users\Lenovo\Documents\2023\2023-2\ARSW\ARSW_lab_5\SpringBoot_REST_API_Blueprints_Part2\target\test-classes\edu\eci\arsw\blueprints\test\services] for files matching pattern [C:/Users/Lenovo/Documents/2023/2023-2/ARSW/ARSW_lab_5/SpringBoot_REST_API_Blueprints_Part2/target/test-classes/edu/eci/arsw/blueprints/test/services/*.class]
14:41:31.260 [main] DEBUG org.springframework.core.io.support.PathMatchingResourcePatternResolver - Resolved location pattern [classpath*:edu/eci/arsw/blueprints/test/services/*.class] to resources [file [C:\Users\Lenovo\Documents\2023\2023-2\ARSW\ARSW_lab_5\SpringBoot_REST_API_Blueprints_Part2\target\test-classes\edu\eci\arsw\blueprints\test\services\ApplicationServicesTests.class]]
14:41:31.263 [main] DEBUG org.springframework.core.io.support.PathMatchingResourcePatternResolver - Resolved classpath location [edu/eci/arsw/blueprints/test/] to resources [URL [file:/C:/Users/Lenovo/Documents/2023/2023-2/ARSW/ARSW_lab_5/SpringBoot_REST_API_Blueprints_Part2/target/test-classes/edu/eci/arsw/blueprints/test/]]
14:41:31.263 [main] DEBUG org.springframework.core.io.support.PathMatchingResourcePatternResolver - Looking for matching resources in directory tree [C:\Users\Lenovo\Documents\2023\2023-2\ARSW\ARSW_lab_5\SpringBoot_REST_API_Blueprints_Part2\target\test-classes\edu\eci\arsw\blueprints\test]
14:41:31.263 [main] DEBUG org.springframework.core.io.support.PathMatchingResourcePatternResolver - Searching directory [C:\Users\Lenovo\Documents\2023\2023-2\ARSW\ARSW_lab_5\SpringBoot_REST_API_Blueprints_Part2\target\test-classes\edu\eci\arsw\blueprints\test] for files matching pattern [C:/Users/Lenovo/Documents/2023/2023-2/ARSW/ARSW_lab_5/SpringBoot_REST_API_Blueprints_Part2/target/test-classes/edu/eci/arsw/blueprints/test/*.class]
14:41:31.264 [main] DEBUG org.springframework.core.io.support.PathMatchingResourcePatternResolver - Resolved location pattern [classpath*:edu/eci/arsw/blueprints/test/*.class] to resources []
14:41:31.264 [main] DEBUG org.springframework.core.io.support.PathMatchingResourcePatternResolver - Resolved classpath location [edu/eci/arsw/blueprints/] to resources [URL [file:/C:/Users/Lenovo/Documents/2023/2023-2/ARSW/ARSW_lab_5/SpringBoot_REST_API_Blueprints_Part2/target/test-classes/edu/eci/arsw/blueprints/], URL [file:/C:/Users/Lenovo/Documents/2023/2023-2/ARSW/ARSW_lab_5/SpringBoot_REST_API_Blueprints_Part2/target/classes/edu/eci/arsw/blueprints/]]
14:41:31.265 [main] DEBUG org.springframework.core.io.support.PathMatchingResourcePatternResolver - Looking for matching resources in directory tree [C:\Users\Lenovo\Documents\2023\2023-2\ARSW\ARSW_lab_5\SpringBoot_REST_API_Blueprints_Part2\target\test-classes\edu\eci\arsw\blueprints]
14:41:31.265 [main] DEBUG org.springframework.core.io.support.PathMatchingResourcePatternResolver - Searching directory [C:\Users\Lenovo\Documents\2023\2023-2\ARSW\ARSW_lab_5\SpringBoot_REST_API_Blueprints_Part2\target\test-classes\edu\eci\arsw\blueprints] for files matching pattern [C:/Users/Lenovo/Documents/2023/2023-2/ARSW/ARSW_lab_5/SpringBoot_REST_API_Blueprints_Part2/target/test-classes/edu/eci/arsw/blueprints/*.class]
14:41:31.266 [main] DEBUG org.springframework.core.io.support.PathMatchingResourcePatternResolver - Looking for matching resources in directory tree [C:\Users\Lenovo\Documents\2023\2023-2\ARSW\ARSW_lab_5\SpringBoot_REST_API_Blueprints_Part2\target\classes\edu\eci\arsw\blueprints]
14:41:31.266 [main] DEBUG org.springframework.core.io.support.PathMatchingResourcePatternResolver - Searching directory [C:\Users\Lenovo\Documents\2023\2023-2\ARSW\ARSW_lab_5\SpringBoot_REST_API_Blueprints_Part2\target\classes\edu\eci\arsw\blueprints] for files matching pattern [C:/Users/Lenovo/Documents/2023/2023-2/ARSW/ARSW_lab_5/SpringBoot_REST_API_Blueprints_Part2/target/classes/edu/eci/arsw/blueprints/*.class]
14:41:31.267 [main] DEBUG org.springframework.core.io.support.PathMatchingResourcePatternResolver - Resolved location pattern [classpath*:edu/eci/arsw/blueprints/*.class] to resources []
14:41:31.268 [main] DEBUG org.springframework.core.io.support.PathMatchingResourcePatternResolver - Resolved classpath location [edu/eci/arsw/] to resources [URL [file:/C:/Users/Lenovo/Documents/2023/2023-2/ARSW/ARSW_lab_5/SpringBoot_REST_API_Blueprints_Part2/target/test-classes/edu/eci/arsw/], URL [file:/C:/Users/Lenovo/Documents/2023/2023-2/ARSW/ARSW_lab_5/SpringBoot_REST_API_Blueprints_Part2/target/classes/edu/eci/arsw/]]
14:41:31.269 [main] DEBUG org.springframework.core.io.support.PathMatchingResourcePatternResolver - Looking for matching resources in directory tree [C:\Users\Lenovo\Documents\2023\2023-2\ARSW\ARSW_lab_5\SpringBoot_REST_API_Blueprints_Part2\target\test-classes\edu\eci\arsw]
14:41:31.269 [main] DEBUG org.springframework.core.io.support.PathMatchingResourcePatternResolver - Searching directory [C:\Users\Lenovo\Documents\2023\2023-2\ARSW\ARSW_lab_5\SpringBoot_REST_API_Blueprints_Part2\target\test-classes\edu\eci\arsw] for files matching pattern [C:/Users/Lenovo/Documents/2023/2023-2/ARSW/ARSW_lab_5/SpringBoot_REST_API_Blueprints_Part2/target/test-classes/edu/eci/arsw/*.class]
14:41:31.270 [main] DEBUG org.springframework.core.io.support.PathMatchingResourcePatternResolver - Looking for matching resources in directory tree [C:\Users\Lenovo\Documents\2023\2023-2\ARSW\ARSW_lab_5\SpringBoot_REST_API_Blueprints_Part2\target\classes\edu\eci\arsw]
14:41:31.271 [main] DEBUG org.springframework.core.io.support.PathMatchingResourcePatternResolver - Searching directory [C:\Users\Lenovo\Documents\2023\2023-2\ARSW\ARSW_lab_5\SpringBoot_REST_API_Blueprints_Part2\target\classes\edu\eci\arsw] for files matching pattern [C:/Users/Lenovo/Documents/2023/2023-2/ARSW/ARSW_lab_5/SpringBoot_REST_API_Blueprints_Part2/target/classes/edu/eci/arsw/*.class]
14:41:31.272 [main] DEBUG org.springframework.core.io.support.PathMatchingResourcePatternResolver - Resolved location pattern [classpath*:edu/eci/arsw/*.class] to resources []
14:41:31.273 [main] DEBUG org.springframework.core.io.support.PathMatchingResourcePatternResolver - Resolved classpath location [edu/eci/] to resources [URL [file:/C:/Users/Lenovo/Documents/2023/2023-2/ARSW/ARSW_lab_5/SpringBoot_REST_API_Blueprints_Part2/target/test-classes/edu/eci/], URL [file:/C:/Users/Lenovo/Documents/2023/2023-2/ARSW/ARSW_lab_5/SpringBoot_REST_API_Blueprints_Part2/target/classes/edu/eci/]]
14:41:31.273 [main] DEBUG org.springframework.core.io.support.PathMatchingResourcePatternResolver - Looking for matching resources in directory tree [C:\Users\Lenovo\Documents\2023\2023-2\ARSW\ARSW_lab_5\SpringBoot_REST_API_Blueprints_Part2\target\test-classes\edu\eci]
14:41:31.274 [main] DEBUG org.springframework.core.io.support.PathMatchingResourcePatternResolver - Searching directory [C:\Users\Lenovo\Documents\2023\2023-2\ARSW\ARSW_lab_5\SpringBoot_REST_API_Blueprints_Part2\target\test-classes\edu\eci] for files matching pattern [C:/Users/Lenovo/Documents/2023/2023-2/ARSW/ARSW_lab_5/SpringBoot_REST_API_Blueprints_Part2/target/test-classes/edu/eci/*.class]
14:41:31.274 [main] DEBUG org.springframework.core.io.support.PathMatchingResourcePatternResolver - Looking for matching resources in directory tree [C:\Users\Lenovo\Documents\2023\2023-2\ARSW\ARSW_lab_5\SpringBoot_REST_API_Blueprints_Part2\target\classes\edu\eci]
14:41:31.275 [main] DEBUG org.springframework.core.io.support.PathMatchingResourcePatternResolver - Searching directory [C:\Users\Lenovo\Documents\2023\2023-2\ARSW\ARSW_lab_5\SpringBoot_REST_API_Blueprints_Part2\target\classes\edu\eci] for files matching pattern [C:/Users/Lenovo/Documents/2023/2023-2/ARSW/ARSW_lab_5/SpringBoot_REST_API_Blueprints_Part2/target/classes/edu/eci/*.class]
14:41:31.275 [main] DEBUG org.springframework.core.io.support.PathMatchingResourcePatternResolver - Resolved location pattern [classpath*:edu/eci/*.class] to resources []
14:41:31.276 [main] DEBUG org.springframework.core.io.support.PathMatchingResourcePatternResolver - Resolved classpath location [edu/] to resources [URL [file:/C:/Users/Lenovo/Documents/2023/2023-2/ARSW/ARSW_lab_5/SpringBoot_REST_API_Blueprints_Part2/target/test-classes/edu/], URL [file:/C:/Users/Lenovo/Documents/2023/2023-2/ARSW/ARSW_lab_5/SpringBoot_REST_API_Blueprints_Part2/target/classes/edu/]]
14:41:31.276 [main] DEBUG org.springframework.core.io.support.PathMatchingResourcePatternResolver - Looking for matching resources in directory tree [C:\Users\Lenovo\Documents\2023\2023-2\ARSW\ARSW_lab_5\SpringBoot_REST_API_Blueprints_Part2\target\test-classes\edu]
14:41:31.277 [main] DEBUG org.springframework.core.io.support.PathMatchingResourcePatternResolver - Searching directory [C:\Users\Lenovo\Documents\2023\2023-2\ARSW\ARSW_lab_5\SpringBoot_REST_API_Blueprints_Part2\target\test-classes\edu] for files matching pattern [C:/Users/Lenovo/Documents/2023/2023-2/ARSW/ARSW_lab_5/SpringBoot_REST_API_Blueprints_Part2/target/test-classes/edu/*.class]
14:41:31.278 [main] DEBUG org.springframework.core.io.support.PathMatchingResourcePatternResolver - Looking for matching resources in directory tree [C:\Users\Lenovo\Documents\2023\2023-2\ARSW\ARSW_lab_5\SpringBoot_REST_API_Blueprints_Part2\target\classes\edu]
14:41:31.279 [main] DEBUG org.springframework.core.io.support.PathMatchingResourcePatternResolver - Searching directory [C:\Users\Lenovo\Documents\2023\2023-2\ARSW\ARSW_lab_5\SpringBoot_REST_API_Blueprints_Part2\target\classes\edu] for files matching pattern [C:/Users/Lenovo/Documents/2023/2023-2/ARSW/ARSW_lab_5/SpringBoot_REST_API_Blueprints_Part2/target/classes/edu/*.class]
14:41:31.279 [main] DEBUG org.springframework.core.io.support.PathMatchingResourcePatternResolver - Resolved location pattern [classpath*:edu/*.class] to resources []
]]></system-out>
  </testcase>
</testsuite>